<?xml version="1.0" encoding="UTF-8"?>
<!-- Generated by org.testng.reporters.JUnitReportReporter -->
<testsuite hostname="lucky" failures="0" tests="1" name="myPackage.Loginout" time="15.512" errors="0" timestamp="10 Apr 2019 07:38:20 GMT">
  <testcase classname="myPackage.Loginout" name="test_Home_Page_Appear_Correct" time="15.512"/>
</testsuite> <!-- myPackage.Loginout -->
